[debug] [2021-06-26T16:30:21.628Z] ----------------------------------------------------------------------
[debug] [2021-06-26T16:30:21.636Z] Command:       C:\Program Files\nodejs\node.exe C:\Users\pc_shop\AppData\Roaming\npm\node_modules\firebase-tools\lib\bin\firebase.js init
[debug] [2021-06-26T16:30:21.637Z] CLI Version:   9.14.0
[debug] [2021-06-26T16:30:21.637Z] Platform:      win32
[debug] [2021-06-26T16:30:21.637Z] Node Version:  v14.17.0
[debug] [2021-06-26T16:30:21.639Z] Time:          Sat Jun 26 2021 09:30:21 GMT-0700 (Pacific Daylight Time)
[debug] [2021-06-26T16:30:21.639Z] ----------------------------------------------------------------------
[debug] 
[debug] [2021-06-26T16:30:21.648Z] > command requires scopes: ["email","openid","https://www.googleapis.com/auth/cloudplatformprojects.readonly","https://www.googleapis.com/auth/firebase","https://www.googleapis.com/auth/cloud-platform"]
[debug] [2021-06-26T16:30:21.648Z] > authorizing via signed-in user (engr.shahzaibpp@gmail.com)
[info] 
     ######## #### ########  ######## ########     ###     ######  ########
     ##        ##  ##     ## ##       ##     ##  ##   ##  ##       ##
     ######    ##  ########  ######   ########  #########  ######  ######
     ##        ##  ##    ##  ##       ##     ## ##     ##       ## ##
     ##       #### ##     ## ######## ########  ##     ##  ######  ########

You're about to initialize a Firebase project in this directory:

  C:\Users\pc_shop\Desktop\IT Learning\Learning MERN\Google-clone

[info] 
=== Project Setup
[info] 
[info] First, let's associate this project directory with a Firebase project.
[info] You can create multiple project aliases by running firebase use --add, 
[info] but for now we'll just set up a default project.
[info] 
[debug] [2021-06-26T16:31:20.187Z] >>> [apiv2][query] GET https://firebase.googleapis.com/v1beta1/projects pageSize=100
[debug] [2021-06-26T16:31:20.779Z] <<< [apiv2][status] GET https://firebase.googleapis.com/v1beta1/projects 200
[debug] [2021-06-26T16:31:20.779Z] <<< [apiv2][body] GET https://firebase.googleapis.com/v1beta1/projects [omitted]
[info] i  Using project clone-76a41 (Google-Clone) 
[info] 
=== Hosting Setup
[info] 
[info] Your public directory is the folder (relative to your project directory) that
[info] will contain Hosting assets to be uploaded with firebase deploy. If you
[info] have a build process for your assets, use your build's output directory.
[info] 
[debug] [2021-06-26T16:32:18.208Z] >>> [apiv2][query] GET https://www.gstatic.com/firebasejs/releases.json [none]
[debug] [2021-06-26T16:32:18.565Z] <<< [apiv2][status] GET https://www.gstatic.com/firebasejs/releases.json 200
[debug] [2021-06-26T16:32:18.565Z] <<< [apiv2][body] GET https://www.gstatic.com/firebasejs/releases.json {"current":{"version":"8.6.8","browserURL":"https://www.gstatic.com/firebasejs/8.6.8/firebase.js","packageURL":"https://www.gstatic.com/firebasejs/8.6.8/firebase.tgz"},"live":{"version":"8.6","browserURL":"https://www.gstatic.com/firebasejs/live/8.6/firebase.js","packageURL":"https://www.gstatic.com/firebasejs/live/8.6/firebase.tgz"},"components":{"analytics":"https://www.gstatic.com/firebasejs/8.6.8/firebase-analytics.js","app":"https://www.gstatic.com/firebasejs/8.6.8/firebase-app.js","app-check":"https://www.gstatic.com/firebasejs/8.6.8/firebase-app-check.js","auth":"https://www.gstatic.com/firebasejs/8.6.8/firebase-auth.js","database":"https://www.gstatic.com/firebasejs/8.6.8/firebase-database.js","firestore":"https://www.gstatic.com/firebasejs/8.6.8/firebase-firestore.js","functions":"https://www.gstatic.com/firebasejs/8.6.8/firebase-functions.js","installations":"https://www.gstatic.com/firebasejs/8.6.8/firebase-installations.js","messaging":"https://www.gstatic.com/firebasejs/8.6.8/firebase-messaging.js","storage":"https://www.gstatic.com/firebasejs/8.6.8/firebase-storage.js","performance":"https://www.gstatic.com/firebasejs/8.6.8/firebase-performance.js","remote-config":"https://www.gstatic.com/firebasejs/8.6.8/firebase-remote-config.js","firestore.memory":"https://www.gstatic.com/firebasejs/8.6.8/firebase-firestore.memory.js"}}
[info] +  Wrote build/index.html 
[info] 
[info] i  Detected a .git folder at C:\Users\pc_shop\Desktop\IT Learning\Learning MERN\Google-clone 
[info] i  Authorizing with GitHub to upload your service account to a GitHub repository's secrets store. 
[info] 
[info] Visit this URL on this device to log in:
[info] https://github.com/login/oauth/authorize?client_id=89cf50f02ac6aaed3484&state=324989755&redirect_uri=http%3A%2F%2Flocalhost%3A9005&scope=read%3Auser%20repo%20public_repo
[info] 
[info] Waiting for authentication...
[debug] [2021-06-26T16:32:48.458Z] >>> HTTP REQUEST POST https://github.com/login/oauth/access_token  
 {"client_id":"89cf50f02ac6aaed3484","client_secret":"3330d14abc895d9a74d5f17cd7a00711fa2c5bf0","code":"0e144a5cc68f72cabcac","redirect_uri":"http://localhost:9005","state":"324989755"}
[debug] [2021-06-26T16:32:50.094Z] <<< HTTP RESPONSE 200 {"server":"GitHub.com","date":"Sat, 26 Jun 2021 16:32:50 GMT","content-type":"application/json; charset=utf-8","transfer-encoding":"chunked","vary":"X-PJAX, Accept-Encoding, Accept, X-Requested-With","permissions-policy":"interest-cohort=()","etag":"W/\"d1deb9479e7006ec8f49945f443a67c4\"","cache-control":"max-age=0, private, must-revalidate","strict-transport-security":"max-age=31536000; includeSubdomains; preload","x-frame-options":"deny","x-content-type-options":"nosniff","x-xss-protection":"0","referrer-policy":"origin-when-cross-origin, strict-origin-when-cross-origin","expect-ct":"max-age=2592000, report-uri=\"https://api.github.com/_private/browser/errors\"","content-security-policy":"default-src 'none'; base-uri 'self'; block-all-mixed-content; connect-src 'self' uploads.github.com www.githubstatus.com collector.githubapp.com api.github.com github-cloud.s3.amazonaws.com github-production-repository-file-5c1aeb.s3.amazonaws.com github-production-upload-manifest-file-7fdce7.s3.amazonaws.com github-production-user-asset-6210df.s3.amazonaws.com cdn.optimizely.com logx.optimizely.com/v1/events translator.github.com wss://alive.github.com; font-src github.githubassets.com; form-action 'self' github.com gist.github.com; frame-ancestors 'none'; frame-src render.githubusercontent.com render-temp.githubusercontent.com viewscreen.githubusercontent.com; img-src 'self' data: github.githubassets.com identicons.github.com collector.githubapp.com github-cloud.s3.amazonaws.com secured-user-images.githubusercontent.com/ *.githubusercontent.com; manifest-src 'self'; media-src 'none'; script-src github.githubassets.com; style-src 'unsafe-inline' github.githubassets.com; worker-src github.com/socket-worker-3f088aa2.js gist.github.com/socket-worker-3f088aa2.js","x-github-request-id":"157F:36EA:3FA3CF:4585EE:60D756B0"}
[debug] [2021-06-26T16:32:50.109Z] >>> [apiv2][query] GET https://api.github.com/user [none]
[debug] [2021-06-26T16:32:50.936Z] <<< [apiv2][status] GET https://api.github.com/user 200
[debug] [2021-06-26T16:32:50.937Z] <<< [apiv2][body] GET https://api.github.com/user {"login":"engrshahzaib","id":85828994,"node_id":"MDQ6VXNlcjg1ODI4OTk0","avatar_url":"https://avatars.githubusercontent.com/u/85828994?v=4","gravatar_id":"","url":"https://api.github.com/users/engrshahzaib","html_url":"https://github.com/engrshahzaib","followers_url":"https://api.github.com/users/engrshahzaib/followers","following_url":"https://api.github.com/users/engrshahzaib/following{/other_user}","gists_url":"https://api.github.com/users/engrshahzaib/gists{/gist_id}","starred_url":"https://api.github.com/users/engrshahzaib/starred{/owner}{/repo}","subscriptions_url":"https://api.github.com/users/engrshahzaib/subscriptions","organizations_url":"https://api.github.com/users/engrshahzaib/orgs","repos_url":"https://api.github.com/users/engrshahzaib/repos","events_url":"https://api.github.com/users/engrshahzaib/events{/privacy}","received_events_url":"https://api.github.com/users/engrshahzaib/received_events","type":"User","site_admin":false,"name":null,"company":null,"blog":"","location":null,"email":null,"hireable":null,"bio":null,"twitter_username":null,"public_repos":1,"public_gists":0,"followers":0,"following":0,"created_at":"2021-06-13T11:21:42Z","updated_at":"2021-06-26T16:32:48Z","private_gists":0,"total_private_repos":3,"owned_private_repos":3,"disk_usage":0,"collaborators":0,"two_factor_authentication":false,"plan":{"name":"free","space":976562499,"collaborators":0,"private_repos":10000}}
[info] 
[info] +  Success! Logged into GitHub as engrshahzaib 
[info] 
[debug] [2021-06-26T16:33:52.244Z] >>> [apiv2][query] GET https://api.github.com/repos/engrshahzaib/google-clone/actions/secrets/public-key type=owner
[debug] [2021-06-26T16:33:52.780Z] <<< [apiv2][status] GET https://api.github.com/repos/engrshahzaib/google-clone/actions/secrets/public-key 404
[debug] [2021-06-26T16:33:52.781Z] <<< [apiv2][body] GET https://api.github.com/repos/engrshahzaib/google-clone/actions/secrets/public-key {"message":"Not Found","documentation_url":"https://docs.github.com/rest/reference/actions#get-a-repository-public-key"}
[debug] [2021-06-26T16:35:07.397Z] >>> [apiv2][query] GET https://api.github.com/repos/clear/actions/secrets/public-key type=owner
[debug] [2021-06-26T16:35:07.944Z] <<< [apiv2][status] GET https://api.github.com/repos/clear/actions/secrets/public-key 404
[debug] [2021-06-26T16:35:07.945Z] <<< [apiv2][body] GET https://api.github.com/repos/clear/actions/secrets/public-key {"message":"Not Found","documentation_url":"https://docs.github.com/rest"}
[debug] [2021-06-26T16:35:10.806Z] >>> [apiv2][query] GET https://api.github.com/repos/clear/actions/secrets/public-key type=owner
[debug] [2021-06-26T16:35:11.200Z] <<< [apiv2][status] GET https://api.github.com/repos/clear/actions/secrets/public-key 404
[debug] [2021-06-26T16:35:11.200Z] <<< [apiv2][body] GET https://api.github.com/repos/clear/actions/secrets/public-key {"message":"Not Found","documentation_url":"https://docs.github.com/rest"}
[debug] [2021-06-26T16:35:11.447Z] >>> [apiv2][query] GET https://api.github.com/repos//actions/secrets/public-key type=owner
[debug] [2021-06-26T16:35:11.747Z] >>> [apiv2][query] GET https://api.github.com/repos//actions/secrets/public-key type=owner
[debug] [2021-06-26T16:35:11.831Z] <<< [apiv2][status] GET https://api.github.com/repos//actions/secrets/public-key 404
[debug] [2021-06-26T16:35:11.831Z] <<< [apiv2][body] GET https://api.github.com/repos//actions/secrets/public-key {"message":"Not Found","documentation_url":"https://docs.github.com/rest"}
[debug] [2021-06-26T16:35:12.132Z] <<< [apiv2][status] GET https://api.github.com/repos//actions/secrets/public-key 404
[debug] [2021-06-26T16:35:12.132Z] <<< [apiv2][body] GET https://api.github.com/repos//actions/secrets/public-key {"message":"Not Found","documentation_url":"https://docs.github.com/rest"}
[debug] [2021-06-26T16:35:32.535Z] >>> [apiv2][query] GET https://api.github.com/repos/end/actions/secrets/public-key type=owner
[debug] [2021-06-26T16:35:32.931Z] <<< [apiv2][status] GET https://api.github.com/repos/end/actions/secrets/public-key 404
[debug] [2021-06-26T16:35:32.931Z] <<< [apiv2][body] GET https://api.github.com/repos/end/actions/secrets/public-key {"message":"Not Found","documentation_url":"https://docs.github.com/rest"}
